2024-09-01 15:31:58,430 - INFO - Starting feature engineering...
2024-09-01 15:31:58,683 - INFO - Feature engineering completed successfully.
2024-09-01 15:32:04,135 - ERROR - An error occurred in the main function: name 'include' is not defined
2024-09-01 15:37:04,521 - INFO - Starting feature engineering...
2024-09-01 15:37:04,815 - INFO - Feature engineering completed successfully.
2024-09-01 15:37:11,098 - INFO - Creating preprocessing pipeline...
2024-09-01 15:37:11,116 - INFO - Preprocessing pipeline created successfully.
2024-09-01 15:37:12,272 - ERROR - An error occurred in the main function: A given column is not a column of the dataframe
2024-09-01 15:42:07,317 - INFO - Data loaded successfully. Shape: (2390275, 45)
2024-09-01 15:42:07,345 - INFO - Columns in the dataframe: ['IPV4_SRC_ADDR', 'L4_SRC_PORT', 'IPV4_DST_ADDR', 'L4_DST_PORT', 'PROTOCOL', 'L7_PROTO', 'IN_BYTES', 'IN_PKTS', 'OUT_BYTES', 'OUT_PKTS', 'TCP_FLAGS', 'CLIENT_TCP_FLAGS', 'SERVER_TCP_FLAGS', 'FLOW_DURATION_MILLISECONDS', 'DURATION_IN', 'DURATION_OUT', 'MIN_TTL', 'MAX_TTL', 'LONGEST_FLOW_PKT', 'SHORTEST_FLOW_PKT', 'MIN_IP_PKT_LEN', 'MAX_IP_PKT_LEN', 'SRC_TO_DST_SECOND_BYTES', 'DST_TO_SRC_SECOND_BYTES', 'RETRANSMITTED_IN_BYTES', 'RETRANSMITTED_IN_PKTS', 'RETRANSMITTED_OUT_BYTES', 'RETRANSMITTED_OUT_PKTS', 'SRC_TO_DST_AVG_THROUGHPUT', 'DST_TO_SRC_AVG_THROUGHPUT', 'NUM_PKTS_UP_TO_128_BYTES', 'NUM_PKTS_128_TO_256_BYTES', 'NUM_PKTS_256_TO_512_BYTES', 'NUM_PKTS_512_TO_1024_BYTES', 'NUM_PKTS_1024_TO_1514_BYTES', 'TCP_WIN_MAX_IN', 'TCP_WIN_MAX_OUT', 'ICMP_TYPE', 'ICMP_IPV4_TYPE', 'DNS_QUERY_ID', 'DNS_QUERY_TYPE', 'DNS_TTL_ANSWER', 'FTP_COMMAND_RET_CODE', 'Label', 'Attack']
2024-09-01 15:42:07,348 - ERROR - An error occurred in the main function: name 'feature_engineering' is not defined
2024-09-01 15:42:07,523 - ERROR - DataFrame info:
None
2024-09-01 15:44:37,794 - INFO - Data loaded successfully. Shape: (2390275, 45)
2024-09-01 15:44:37,806 - INFO - Columns in the dataframe: ['IPV4_SRC_ADDR', 'L4_SRC_PORT', 'IPV4_DST_ADDR', 'L4_DST_PORT', 'PROTOCOL', 'L7_PROTO', 'IN_BYTES', 'IN_PKTS', 'OUT_BYTES', 'OUT_PKTS', 'TCP_FLAGS', 'CLIENT_TCP_FLAGS', 'SERVER_TCP_FLAGS', 'FLOW_DURATION_MILLISECONDS', 'DURATION_IN', 'DURATION_OUT', 'MIN_TTL', 'MAX_TTL', 'LONGEST_FLOW_PKT', 'SHORTEST_FLOW_PKT', 'MIN_IP_PKT_LEN', 'MAX_IP_PKT_LEN', 'SRC_TO_DST_SECOND_BYTES', 'DST_TO_SRC_SECOND_BYTES', 'RETRANSMITTED_IN_BYTES', 'RETRANSMITTED_IN_PKTS', 'RETRANSMITTED_OUT_BYTES', 'RETRANSMITTED_OUT_PKTS', 'SRC_TO_DST_AVG_THROUGHPUT', 'DST_TO_SRC_AVG_THROUGHPUT', 'NUM_PKTS_UP_TO_128_BYTES', 'NUM_PKTS_128_TO_256_BYTES', 'NUM_PKTS_256_TO_512_BYTES', 'NUM_PKTS_512_TO_1024_BYTES', 'NUM_PKTS_1024_TO_1514_BYTES', 'TCP_WIN_MAX_IN', 'TCP_WIN_MAX_OUT', 'ICMP_TYPE', 'ICMP_IPV4_TYPE', 'DNS_QUERY_ID', 'DNS_QUERY_TYPE', 'DNS_TTL_ANSWER', 'FTP_COMMAND_RET_CODE', 'Label', 'Attack']
2024-09-01 15:44:37,806 - INFO - Starting feature engineering...
2024-09-01 15:44:37,980 - INFO - Feature engineering completed successfully.
2024-09-01 15:44:49,075 - INFO - Numeric features: ['L4_SRC_PORT', 'L4_DST_PORT', 'PROTOCOL', 'L7_PROTO', 'IN_BYTES', 'IN_PKTS', 'OUT_BYTES', 'OUT_PKTS', 'TCP_FLAGS', 'CLIENT_TCP_FLAGS', 'SERVER_TCP_FLAGS', 'FLOW_DURATION_MILLISECONDS', 'DURATION_IN', 'DURATION_OUT', 'MIN_TTL', 'MAX_TTL', 'LONGEST_FLOW_PKT', 'SHORTEST_FLOW_PKT', 'MIN_IP_PKT_LEN', 'MAX_IP_PKT_LEN', 'SRC_TO_DST_SECOND_BYTES', 'DST_TO_SRC_SECOND_BYTES', 'RETRANSMITTED_IN_BYTES', 'RETRANSMITTED_IN_PKTS', 'RETRANSMITTED_OUT_BYTES', 'RETRANSMITTED_OUT_PKTS', 'SRC_TO_DST_AVG_THROUGHPUT', 'DST_TO_SRC_AVG_THROUGHPUT', 'NUM_PKTS_UP_TO_128_BYTES', 'NUM_PKTS_128_TO_256_BYTES', 'NUM_PKTS_256_TO_512_BYTES', 'NUM_PKTS_512_TO_1024_BYTES', 'NUM_PKTS_1024_TO_1514_BYTES', 'TCP_WIN_MAX_IN', 'TCP_WIN_MAX_OUT', 'ICMP_TYPE', 'ICMP_IPV4_TYPE', 'DNS_QUERY_ID', 'DNS_QUERY_TYPE', 'DNS_TTL_ANSWER', 'FTP_COMMAND_RET_CODE', 'Label', 'total_bytes', 'total_packets', 'bytes_per_packet', 'in_out_bytes_ratio', 'in_out_packets_ratio']
2024-09-01 15:44:49,085 - INFO - Categorical features: ['IPV4_SRC_ADDR', 'IPV4_DST_ADDR', 'Attack']
2024-09-01 15:44:49,097 - INFO - Creating preprocessing pipeline...
2024-09-01 15:44:49,131 - INFO - Preprocessing pipeline created successfully.
2024-09-01 15:44:50,322 - ERROR - An error occurred in the main function: A given column is not a column of the dataframe
2024-09-01 15:44:50,413 - ERROR - DataFrame info:
None
2024-09-01 15:47:56,725 - INFO - Data loaded successfully. Shape: (2390275, 45)
2024-09-01 15:47:56,749 - INFO - Columns in the dataframe: ['IPV4_SRC_ADDR', 'L4_SRC_PORT', 'IPV4_DST_ADDR', 'L4_DST_PORT', 'PROTOCOL', 'L7_PROTO', 'IN_BYTES', 'IN_PKTS', 'OUT_BYTES', 'OUT_PKTS', 'TCP_FLAGS', 'CLIENT_TCP_FLAGS', 'SERVER_TCP_FLAGS', 'FLOW_DURATION_MILLISECONDS', 'DURATION_IN', 'DURATION_OUT', 'MIN_TTL', 'MAX_TTL', 'LONGEST_FLOW_PKT', 'SHORTEST_FLOW_PKT', 'MIN_IP_PKT_LEN', 'MAX_IP_PKT_LEN', 'SRC_TO_DST_SECOND_BYTES', 'DST_TO_SRC_SECOND_BYTES', 'RETRANSMITTED_IN_BYTES', 'RETRANSMITTED_IN_PKTS', 'RETRANSMITTED_OUT_BYTES', 'RETRANSMITTED_OUT_PKTS', 'SRC_TO_DST_AVG_THROUGHPUT', 'DST_TO_SRC_AVG_THROUGHPUT', 'NUM_PKTS_UP_TO_128_BYTES', 'NUM_PKTS_128_TO_256_BYTES', 'NUM_PKTS_256_TO_512_BYTES', 'NUM_PKTS_512_TO_1024_BYTES', 'NUM_PKTS_1024_TO_1514_BYTES', 'TCP_WIN_MAX_IN', 'TCP_WIN_MAX_OUT', 'ICMP_TYPE', 'ICMP_IPV4_TYPE', 'DNS_QUERY_ID', 'DNS_QUERY_TYPE', 'DNS_TTL_ANSWER', 'FTP_COMMAND_RET_CODE', 'Label', 'Attack']
2024-09-01 15:47:56,752 - INFO - Starting feature engineering...
2024-09-01 15:47:57,001 - INFO - Feature engineering completed successfully.
2024-09-01 15:48:07,564 - INFO - Numeric features: ['L4_SRC_PORT', 'L4_DST_PORT', 'PROTOCOL', 'L7_PROTO', 'IN_BYTES', 'IN_PKTS', 'OUT_BYTES', 'OUT_PKTS', 'TCP_FLAGS', 'CLIENT_TCP_FLAGS', 'SERVER_TCP_FLAGS', 'FLOW_DURATION_MILLISECONDS', 'DURATION_IN', 'DURATION_OUT', 'MIN_TTL', 'MAX_TTL', 'LONGEST_FLOW_PKT', 'SHORTEST_FLOW_PKT', 'MIN_IP_PKT_LEN', 'MAX_IP_PKT_LEN', 'SRC_TO_DST_SECOND_BYTES', 'DST_TO_SRC_SECOND_BYTES', 'RETRANSMITTED_IN_BYTES', 'RETRANSMITTED_IN_PKTS', 'RETRANSMITTED_OUT_BYTES', 'RETRANSMITTED_OUT_PKTS', 'SRC_TO_DST_AVG_THROUGHPUT', 'DST_TO_SRC_AVG_THROUGHPUT', 'NUM_PKTS_UP_TO_128_BYTES', 'NUM_PKTS_128_TO_256_BYTES', 'NUM_PKTS_256_TO_512_BYTES', 'NUM_PKTS_512_TO_1024_BYTES', 'NUM_PKTS_1024_TO_1514_BYTES', 'TCP_WIN_MAX_IN', 'TCP_WIN_MAX_OUT', 'ICMP_TYPE', 'ICMP_IPV4_TYPE', 'DNS_QUERY_ID', 'DNS_QUERY_TYPE', 'DNS_TTL_ANSWER', 'FTP_COMMAND_RET_CODE', 'Label', 'total_bytes', 'total_packets', 'bytes_per_packet', 'in_out_bytes_ratio', 'in_out_packets_ratio']
2024-09-01 15:48:07,576 - INFO - Categorical features: ['IPV4_SRC_ADDR', 'IPV4_DST_ADDR', 'Attack']
2024-09-01 15:48:07,594 - INFO - Creating preprocessing pipeline...
2024-09-01 15:48:07,640 - INFO - Preprocessing pipeline created successfully.
2024-09-01 15:48:08,745 - ERROR - An error occurred in the main function: A given column is not a column of the dataframe
2024-09-01 15:48:08,941 - ERROR - DataFrame info:
None
2024-09-01 15:51:21,746 - INFO - Data loaded successfully. Shape: (2390275, 45)
2024-09-01 15:51:21,755 - INFO - Columns in the dataframe: ['IPV4_SRC_ADDR', 'L4_SRC_PORT', 'IPV4_DST_ADDR', 'L4_DST_PORT', 'PROTOCOL', 'L7_PROTO', 'IN_BYTES', 'IN_PKTS', 'OUT_BYTES', 'OUT_PKTS', 'TCP_FLAGS', 'CLIENT_TCP_FLAGS', 'SERVER_TCP_FLAGS', 'FLOW_DURATION_MILLISECONDS', 'DURATION_IN', 'DURATION_OUT', 'MIN_TTL', 'MAX_TTL', 'LONGEST_FLOW_PKT', 'SHORTEST_FLOW_PKT', 'MIN_IP_PKT_LEN', 'MAX_IP_PKT_LEN', 'SRC_TO_DST_SECOND_BYTES', 'DST_TO_SRC_SECOND_BYTES', 'RETRANSMITTED_IN_BYTES', 'RETRANSMITTED_IN_PKTS', 'RETRANSMITTED_OUT_BYTES', 'RETRANSMITTED_OUT_PKTS', 'SRC_TO_DST_AVG_THROUGHPUT', 'DST_TO_SRC_AVG_THROUGHPUT', 'NUM_PKTS_UP_TO_128_BYTES', 'NUM_PKTS_128_TO_256_BYTES', 'NUM_PKTS_256_TO_512_BYTES', 'NUM_PKTS_512_TO_1024_BYTES', 'NUM_PKTS_1024_TO_1514_BYTES', 'TCP_WIN_MAX_IN', 'TCP_WIN_MAX_OUT', 'ICMP_TYPE', 'ICMP_IPV4_TYPE', 'DNS_QUERY_ID', 'DNS_QUERY_TYPE', 'DNS_TTL_ANSWER', 'FTP_COMMAND_RET_CODE', 'Label', 'Attack']
2024-09-01 15:51:21,767 - INFO - Starting feature engineering...
2024-09-01 15:51:21,955 - INFO - Feature engineering completed successfully.
2024-09-01 15:51:27,955 - INFO - Numeric features: ['L4_SRC_PORT', 'L4_DST_PORT', 'PROTOCOL', 'L7_PROTO', 'IN_BYTES', 'IN_PKTS', 'OUT_BYTES', 'OUT_PKTS', 'TCP_FLAGS', 'CLIENT_TCP_FLAGS', 'SERVER_TCP_FLAGS', 'FLOW_DURATION_MILLISECONDS', 'DURATION_IN', 'DURATION_OUT', 'MIN_TTL', 'MAX_TTL', 'LONGEST_FLOW_PKT', 'SHORTEST_FLOW_PKT', 'MIN_IP_PKT_LEN', 'MAX_IP_PKT_LEN', 'SRC_TO_DST_SECOND_BYTES', 'DST_TO_SRC_SECOND_BYTES', 'RETRANSMITTED_IN_BYTES', 'RETRANSMITTED_IN_PKTS', 'RETRANSMITTED_OUT_BYTES', 'RETRANSMITTED_OUT_PKTS', 'SRC_TO_DST_AVG_THROUGHPUT', 'DST_TO_SRC_AVG_THROUGHPUT', 'NUM_PKTS_UP_TO_128_BYTES', 'NUM_PKTS_128_TO_256_BYTES', 'NUM_PKTS_256_TO_512_BYTES', 'NUM_PKTS_512_TO_1024_BYTES', 'NUM_PKTS_1024_TO_1514_BYTES', 'TCP_WIN_MAX_IN', 'TCP_WIN_MAX_OUT', 'ICMP_TYPE', 'ICMP_IPV4_TYPE', 'DNS_QUERY_ID', 'DNS_QUERY_TYPE', 'DNS_TTL_ANSWER', 'FTP_COMMAND_RET_CODE', 'Label', 'total_bytes', 'total_packets', 'bytes_per_packet', 'in_out_bytes_ratio', 'in_out_packets_ratio']
2024-09-01 15:51:27,963 - INFO - Categorical features: ['IPV4_SRC_ADDR', 'IPV4_DST_ADDR', 'Attack']
2024-09-01 15:51:27,964 - INFO - Creating preprocessing pipeline...
2024-09-01 15:51:27,989 - INFO - Preprocessing pipeline created successfully.
2024-09-01 15:51:29,128 - ERROR - An error occurred in the main function: A given column is not a column of the dataframe
2024-09-01 15:51:29,242 - ERROR - DataFrame info:
None
2024-09-01 15:57:55,628 - INFO - Data loaded successfully. Shape: (2390275, 45)
2024-09-01 15:57:55,971 - INFO - Columns in the dataframe: ['IPV4_SRC_ADDR', 'L4_SRC_PORT', 'IPV4_DST_ADDR', 'L4_DST_PORT', 'PROTOCOL', 'L7_PROTO', 'IN_BYTES', 'IN_PKTS', 'OUT_BYTES', 'OUT_PKTS', 'TCP_FLAGS', 'CLIENT_TCP_FLAGS', 'SERVER_TCP_FLAGS', 'FLOW_DURATION_MILLISECONDS', 'DURATION_IN', 'DURATION_OUT', 'MIN_TTL', 'MAX_TTL', 'LONGEST_FLOW_PKT', 'SHORTEST_FLOW_PKT', 'MIN_IP_PKT_LEN', 'MAX_IP_PKT_LEN', 'SRC_TO_DST_SECOND_BYTES', 'DST_TO_SRC_SECOND_BYTES', 'RETRANSMITTED_IN_BYTES', 'RETRANSMITTED_IN_PKTS', 'RETRANSMITTED_OUT_BYTES', 'RETRANSMITTED_OUT_PKTS', 'SRC_TO_DST_AVG_THROUGHPUT', 'DST_TO_SRC_AVG_THROUGHPUT', 'NUM_PKTS_UP_TO_128_BYTES', 'NUM_PKTS_128_TO_256_BYTES', 'NUM_PKTS_256_TO_512_BYTES', 'NUM_PKTS_512_TO_1024_BYTES', 'NUM_PKTS_1024_TO_1514_BYTES', 'TCP_WIN_MAX_IN', 'TCP_WIN_MAX_OUT', 'ICMP_TYPE', 'ICMP_IPV4_TYPE', 'DNS_QUERY_ID', 'DNS_QUERY_TYPE', 'DNS_TTL_ANSWER', 'FTP_COMMAND_RET_CODE', 'Label', 'Attack']
2024-09-01 15:57:55,997 - INFO - Starting feature engineering...
2024-09-01 15:57:56,211 - INFO - Feature engineering completed successfully.
2024-09-01 15:58:02,374 - INFO - Numeric features: ['L4_SRC_PORT', 'L4_DST_PORT', 'PROTOCOL', 'L7_PROTO', 'IN_BYTES', 'IN_PKTS', 'OUT_BYTES', 'OUT_PKTS', 'TCP_FLAGS', 'CLIENT_TCP_FLAGS', 'SERVER_TCP_FLAGS', 'FLOW_DURATION_MILLISECONDS', 'DURATION_IN', 'DURATION_OUT', 'MIN_TTL', 'MAX_TTL', 'LONGEST_FLOW_PKT', 'SHORTEST_FLOW_PKT', 'MIN_IP_PKT_LEN', 'MAX_IP_PKT_LEN', 'SRC_TO_DST_SECOND_BYTES', 'DST_TO_SRC_SECOND_BYTES', 'RETRANSMITTED_IN_BYTES', 'RETRANSMITTED_IN_PKTS', 'RETRANSMITTED_OUT_BYTES', 'RETRANSMITTED_OUT_PKTS', 'SRC_TO_DST_AVG_THROUGHPUT', 'DST_TO_SRC_AVG_THROUGHPUT', 'NUM_PKTS_UP_TO_128_BYTES', 'NUM_PKTS_128_TO_256_BYTES', 'NUM_PKTS_256_TO_512_BYTES', 'NUM_PKTS_512_TO_1024_BYTES', 'NUM_PKTS_1024_TO_1514_BYTES', 'TCP_WIN_MAX_IN', 'TCP_WIN_MAX_OUT', 'ICMP_TYPE', 'ICMP_IPV4_TYPE', 'DNS_QUERY_ID', 'DNS_QUERY_TYPE', 'DNS_TTL_ANSWER', 'FTP_COMMAND_RET_CODE', 'Label', 'total_bytes', 'total_packets', 'bytes_per_packet', 'in_out_bytes_ratio', 'in_out_packets_ratio']
2024-09-01 15:58:02,384 - INFO - Categorical features: ['IPV4_SRC_ADDR', 'IPV4_DST_ADDR', 'Attack']
2024-09-01 15:58:02,385 - INFO - Creating preprocessing pipeline...
2024-09-01 15:58:02,407 - INFO - Preprocessing pipeline created successfully.
2024-09-01 15:58:03,531 - ERROR - An error occurred in the main function: A given column is not a column of the dataframe
2024-09-01 15:58:03,632 - ERROR - DataFrame info:
None
2024-09-01 16:09:14,491 - INFO - Data loaded successfully. Shape: (2390275, 45)
2024-09-01 16:09:14,525 - INFO - Columns in the dataframe: ['IPV4_SRC_ADDR', 'L4_SRC_PORT', 'IPV4_DST_ADDR', 'L4_DST_PORT', 'PROTOCOL', 'L7_PROTO', 'IN_BYTES', 'IN_PKTS', 'OUT_BYTES', 'OUT_PKTS', 'TCP_FLAGS', 'CLIENT_TCP_FLAGS', 'SERVER_TCP_FLAGS', 'FLOW_DURATION_MILLISECONDS', 'DURATION_IN', 'DURATION_OUT', 'MIN_TTL', 'MAX_TTL', 'LONGEST_FLOW_PKT', 'SHORTEST_FLOW_PKT', 'MIN_IP_PKT_LEN', 'MAX_IP_PKT_LEN', 'SRC_TO_DST_SECOND_BYTES', 'DST_TO_SRC_SECOND_BYTES', 'RETRANSMITTED_IN_BYTES', 'RETRANSMITTED_IN_PKTS', 'RETRANSMITTED_OUT_BYTES', 'RETRANSMITTED_OUT_PKTS', 'SRC_TO_DST_AVG_THROUGHPUT', 'DST_TO_SRC_AVG_THROUGHPUT', 'NUM_PKTS_UP_TO_128_BYTES', 'NUM_PKTS_128_TO_256_BYTES', 'NUM_PKTS_256_TO_512_BYTES', 'NUM_PKTS_512_TO_1024_BYTES', 'NUM_PKTS_1024_TO_1514_BYTES', 'TCP_WIN_MAX_IN', 'TCP_WIN_MAX_OUT', 'ICMP_TYPE', 'ICMP_IPV4_TYPE', 'DNS_QUERY_ID', 'DNS_QUERY_TYPE', 'DNS_TTL_ANSWER', 'FTP_COMMAND_RET_CODE', 'Label', 'Attack']
2024-09-01 16:09:14,557 - INFO - Starting feature engineering...
2024-09-01 16:09:14,773 - INFO - Feature engineering completed successfully.
2024-09-01 16:09:24,220 - INFO - Numeric features: ['L4_SRC_PORT', 'L4_DST_PORT', 'PROTOCOL', 'L7_PROTO', 'IN_BYTES', 'IN_PKTS', 'OUT_BYTES', 'OUT_PKTS', 'TCP_FLAGS', 'CLIENT_TCP_FLAGS', 'SERVER_TCP_FLAGS', 'FLOW_DURATION_MILLISECONDS', 'DURATION_IN', 'DURATION_OUT', 'MIN_TTL', 'MAX_TTL', 'LONGEST_FLOW_PKT', 'SHORTEST_FLOW_PKT', 'MIN_IP_PKT_LEN', 'MAX_IP_PKT_LEN', 'SRC_TO_DST_SECOND_BYTES', 'DST_TO_SRC_SECOND_BYTES', 'RETRANSMITTED_IN_BYTES', 'RETRANSMITTED_IN_PKTS', 'RETRANSMITTED_OUT_BYTES', 'RETRANSMITTED_OUT_PKTS', 'SRC_TO_DST_AVG_THROUGHPUT', 'DST_TO_SRC_AVG_THROUGHPUT', 'NUM_PKTS_UP_TO_128_BYTES', 'NUM_PKTS_128_TO_256_BYTES', 'NUM_PKTS_256_TO_512_BYTES', 'NUM_PKTS_512_TO_1024_BYTES', 'NUM_PKTS_1024_TO_1514_BYTES', 'TCP_WIN_MAX_IN', 'TCP_WIN_MAX_OUT', 'ICMP_TYPE', 'ICMP_IPV4_TYPE', 'DNS_QUERY_ID', 'DNS_QUERY_TYPE', 'DNS_TTL_ANSWER', 'FTP_COMMAND_RET_CODE', 'Label', 'total_bytes', 'total_packets', 'bytes_per_packet', 'in_out_bytes_ratio', 'in_out_packets_ratio']
2024-09-01 16:09:24,226 - INFO - Categorical features: ['IPV4_SRC_ADDR', 'IPV4_DST_ADDR', 'Attack']
2024-09-01 16:09:24,237 - INFO - Creating preprocessing pipeline...
2024-09-01 16:09:24,262 - INFO - Preprocessing pipeline created successfully.
2024-09-01 16:09:26,059 - ERROR - An error occurred in the main function: A given column is not a column of the dataframe
2024-09-01 16:09:26,171 - ERROR - DataFrame info:
None
2024-09-01 16:13:04,117 - INFO - Data loaded successfully. Shape: (2390275, 45)
2024-09-01 16:13:04,160 - INFO - Cleaned column names: ['ipv4_src_addr', 'l4_src_port', 'ipv4_dst_addr', 'l4_dst_port', 'protocol', 'l7_proto', 'in_bytes', 'in_pkts', 'out_bytes', 'out_pkts', 'tcp_flags', 'client_tcp_flags', 'server_tcp_flags', 'flow_duration_milliseconds', 'duration_in', 'duration_out', 'min_ttl', 'max_ttl', 'longest_flow_pkt', 'shortest_flow_pkt', 'min_ip_pkt_len', 'max_ip_pkt_len', 'src_to_dst_second_bytes', 'dst_to_src_second_bytes', 'retransmitted_in_bytes', 'retransmitted_in_pkts', 'retransmitted_out_bytes', 'retransmitted_out_pkts', 'src_to_dst_avg_throughput', 'dst_to_src_avg_throughput', 'num_pkts_up_to_128_bytes', 'num_pkts_128_to_256_bytes', 'num_pkts_256_to_512_bytes', 'num_pkts_512_to_1024_bytes', 'num_pkts_1024_to_1514_bytes', 'tcp_win_max_in', 'tcp_win_max_out', 'icmp_type', 'icmp_ipv4_type', 'dns_query_id', 'dns_query_type', 'dns_ttl_answer', 'ftp_command_ret_code', 'label', 'attack']
2024-09-01 16:13:04,167 - INFO - Starting feature engineering...
2024-09-01 16:13:04,312 - INFO - Feature engineering completed successfully.
2024-09-01 16:13:09,921 - INFO - Numeric features: ['l4_src_port', 'l4_dst_port', 'protocol', 'l7_proto', 'in_bytes', 'in_pkts', 'out_bytes', 'out_pkts', 'tcp_flags', 'client_tcp_flags', 'server_tcp_flags', 'flow_duration_milliseconds', 'duration_in', 'duration_out', 'min_ttl', 'max_ttl', 'longest_flow_pkt', 'shortest_flow_pkt', 'min_ip_pkt_len', 'max_ip_pkt_len', 'src_to_dst_second_bytes', 'dst_to_src_second_bytes', 'retransmitted_in_bytes', 'retransmitted_in_pkts', 'retransmitted_out_bytes', 'retransmitted_out_pkts', 'src_to_dst_avg_throughput', 'dst_to_src_avg_throughput', 'num_pkts_up_to_128_bytes', 'num_pkts_128_to_256_bytes', 'num_pkts_256_to_512_bytes', 'num_pkts_512_to_1024_bytes', 'num_pkts_1024_to_1514_bytes', 'tcp_win_max_in', 'tcp_win_max_out', 'icmp_type', 'icmp_ipv4_type', 'dns_query_id', 'dns_query_type', 'dns_ttl_answer', 'ftp_command_ret_code', 'label', 'total_bytes', 'total_packets', 'bytes_per_packet', 'in_out_bytes_ratio', 'in_out_packets_ratio']
2024-09-01 16:13:09,934 - INFO - Categorical features: ['ipv4_src_addr', 'ipv4_dst_addr', 'attack']
2024-09-01 16:13:09,948 - INFO - Creating preprocessing pipeline...
2024-09-01 16:13:09,972 - INFO - Preprocessing pipeline created successfully.
2024-09-01 16:13:11,099 - ERROR - An error occurred in the main function: A given column is not a column of the dataframe
2024-09-01 16:13:11,206 - ERROR - DataFrame info:
None
2024-09-01 16:16:16,417 - INFO - Data loaded successfully. Shape: (2390275, 45)
2024-09-01 16:16:16,501 - INFO - Cleaned column names: ['ipv4_src_addr', 'l4_src_port', 'ipv4_dst_addr', 'l4_dst_port', 'protocol', 'l7_proto', 'in_bytes', 'in_pkts', 'out_bytes', 'out_pkts', 'tcp_flags', 'client_tcp_flags', 'server_tcp_flags', 'flow_duration_milliseconds', 'duration_in', 'duration_out', 'min_ttl', 'max_ttl', 'longest_flow_pkt', 'shortest_flow_pkt', 'min_ip_pkt_len', 'max_ip_pkt_len', 'src_to_dst_second_bytes', 'dst_to_src_second_bytes', 'retransmitted_in_bytes', 'retransmitted_in_pkts', 'retransmitted_out_bytes', 'retransmitted_out_pkts', 'src_to_dst_avg_throughput', 'dst_to_src_avg_throughput', 'num_pkts_up_to_128_bytes', 'num_pkts_128_to_256_bytes', 'num_pkts_256_to_512_bytes', 'num_pkts_512_to_1024_bytes', 'num_pkts_1024_to_1514_bytes', 'tcp_win_max_in', 'tcp_win_max_out', 'icmp_type', 'icmp_ipv4_type', 'dns_query_id', 'dns_query_type', 'dns_ttl_answer', 'ftp_command_ret_code', 'label', 'attack']
2024-09-01 16:16:16,508 - INFO - Starting feature engineering...
2024-09-01 16:16:16,697 - INFO - Feature engineering completed successfully.
2024-09-01 16:16:22,872 - INFO - Numeric features: ['l4_src_port', 'l4_dst_port', 'protocol', 'l7_proto', 'in_bytes', 'in_pkts', 'out_bytes', 'out_pkts', 'tcp_flags', 'client_tcp_flags', 'server_tcp_flags', 'flow_duration_milliseconds', 'duration_in', 'duration_out', 'min_ttl', 'max_ttl', 'longest_flow_pkt', 'shortest_flow_pkt', 'min_ip_pkt_len', 'max_ip_pkt_len', 'src_to_dst_second_bytes', 'dst_to_src_second_bytes', 'retransmitted_in_bytes', 'retransmitted_in_pkts', 'retransmitted_out_bytes', 'retransmitted_out_pkts', 'src_to_dst_avg_throughput', 'dst_to_src_avg_throughput', 'num_pkts_up_to_128_bytes', 'num_pkts_128_to_256_bytes', 'num_pkts_256_to_512_bytes', 'num_pkts_512_to_1024_bytes', 'num_pkts_1024_to_1514_bytes', 'tcp_win_max_in', 'tcp_win_max_out', 'icmp_type', 'icmp_ipv4_type', 'dns_query_id', 'dns_query_type', 'dns_ttl_answer', 'ftp_command_ret_code', 'label', 'total_bytes', 'total_packets', 'bytes_per_packet', 'in_out_bytes_ratio', 'in_out_packets_ratio']
2024-09-01 16:16:22,879 - INFO - Categorical features: ['ipv4_src_addr', 'ipv4_dst_addr', 'attack']
2024-09-01 16:16:22,889 - INFO - Creating preprocessing pipeline...
2024-09-01 16:16:22,896 - INFO - Preprocessing pipeline created successfully.
2024-09-01 16:16:24,063 - ERROR - An error occurred in the main function: A given column is not a column of the dataframe
2024-09-01 16:16:25,861 - ERROR - DataFrame info:
None
2024-09-01 19:43:45,038 - INFO - Data loaded successfully. Shape: (2390275, 45)
2024-09-01 19:43:45,159 - INFO - Cleaned column names: ['ipv4_src_addr', 'l4_src_port', 'ipv4_dst_addr', 'l4_dst_port', 'protocol', 'l7_proto', 'in_bytes', 'in_pkts', 'out_bytes', 'out_pkts', 'tcp_flags', 'client_tcp_flags', 'server_tcp_flags', 'flow_duration_milliseconds', 'duration_in', 'duration_out', 'min_ttl', 'max_ttl', 'longest_flow_pkt', 'shortest_flow_pkt', 'min_ip_pkt_len', 'max_ip_pkt_len', 'src_to_dst_second_bytes', 'dst_to_src_second_bytes', 'retransmitted_in_bytes', 'retransmitted_in_pkts', 'retransmitted_out_bytes', 'retransmitted_out_pkts', 'src_to_dst_avg_throughput', 'dst_to_src_avg_throughput', 'num_pkts_up_to_128_bytes', 'num_pkts_128_to_256_bytes', 'num_pkts_256_to_512_bytes', 'num_pkts_512_to_1024_bytes', 'num_pkts_1024_to_1514_bytes', 'tcp_win_max_in', 'tcp_win_max_out', 'icmp_type', 'icmp_ipv4_type', 'dns_query_id', 'dns_query_type', 'dns_ttl_answer', 'ftp_command_ret_code', 'label', 'attack']
2024-09-01 19:43:45,163 - INFO - Starting feature engineering...
2024-09-01 19:43:45,364 - INFO - Feature engineering completed successfully.
2024-09-01 19:43:54,638 - INFO - Numeric features: ['l4_src_port', 'l4_dst_port', 'protocol', 'l7_proto', 'in_bytes', 'in_pkts', 'out_bytes', 'out_pkts', 'tcp_flags', 'client_tcp_flags', 'server_tcp_flags', 'flow_duration_milliseconds', 'duration_in', 'duration_out', 'min_ttl', 'max_ttl', 'longest_flow_pkt', 'shortest_flow_pkt', 'min_ip_pkt_len', 'max_ip_pkt_len', 'src_to_dst_second_bytes', 'dst_to_src_second_bytes', 'retransmitted_in_bytes', 'retransmitted_in_pkts', 'retransmitted_out_bytes', 'retransmitted_out_pkts', 'src_to_dst_avg_throughput', 'dst_to_src_avg_throughput', 'num_pkts_up_to_128_bytes', 'num_pkts_128_to_256_bytes', 'num_pkts_256_to_512_bytes', 'num_pkts_512_to_1024_bytes', 'num_pkts_1024_to_1514_bytes', 'tcp_win_max_in', 'tcp_win_max_out', 'icmp_type', 'icmp_ipv4_type', 'dns_query_id', 'dns_query_type', 'dns_ttl_answer', 'ftp_command_ret_code', 'label', 'total_bytes', 'total_packets', 'bytes_per_packet', 'in_out_bytes_ratio', 'in_out_packets_ratio']
2024-09-01 19:43:54,647 - INFO - Categorical features: ['ipv4_src_addr', 'ipv4_dst_addr', 'attack']
2024-09-01 19:43:54,657 - INFO - Creating preprocessing pipeline...
2024-09-01 19:43:55,797 - ERROR - An error occurred in the main function: A given column is not a column of the dataframe
2024-09-01 19:43:55,950 - ERROR - DataFrame info:
None
2024-09-01 19:46:43,438 - INFO - Data loaded successfully. Shape: (2390275, 45)
2024-09-01 19:46:43,539 - INFO - Cleaned column names: ['ipv4_src_addr', 'l4_src_port', 'ipv4_dst_addr', 'l4_dst_port', 'protocol', 'l7_proto', 'in_bytes', 'in_pkts', 'out_bytes', 'out_pkts', 'tcp_flags', 'client_tcp_flags', 'server_tcp_flags', 'flow_duration_milliseconds', 'duration_in', 'duration_out', 'min_ttl', 'max_ttl', 'longest_flow_pkt', 'shortest_flow_pkt', 'min_ip_pkt_len', 'max_ip_pkt_len', 'src_to_dst_second_bytes', 'dst_to_src_second_bytes', 'retransmitted_in_bytes', 'retransmitted_in_pkts', 'retransmitted_out_bytes', 'retransmitted_out_pkts', 'src_to_dst_avg_throughput', 'dst_to_src_avg_throughput', 'num_pkts_up_to_128_bytes', 'num_pkts_128_to_256_bytes', 'num_pkts_256_to_512_bytes', 'num_pkts_512_to_1024_bytes', 'num_pkts_1024_to_1514_bytes', 'tcp_win_max_in', 'tcp_win_max_out', 'icmp_type', 'icmp_ipv4_type', 'dns_query_id', 'dns_query_type', 'dns_ttl_answer', 'ftp_command_ret_code', 'label', 'attack']
2024-09-01 19:46:43,541 - INFO - Starting feature engineering...
2024-09-01 19:46:43,930 - INFO - Feature engineering completed successfully.
2024-09-01 19:46:55,075 - INFO - Numeric features: ['l4_src_port', 'l4_dst_port', 'protocol', 'l7_proto', 'in_bytes', 'in_pkts', 'out_bytes', 'out_pkts', 'tcp_flags', 'client_tcp_flags', 'server_tcp_flags', 'flow_duration_milliseconds', 'duration_in', 'duration_out', 'min_ttl', 'max_ttl', 'longest_flow_pkt', 'shortest_flow_pkt', 'min_ip_pkt_len', 'max_ip_pkt_len', 'src_to_dst_second_bytes', 'dst_to_src_second_bytes', 'retransmitted_in_bytes', 'retransmitted_in_pkts', 'retransmitted_out_bytes', 'retransmitted_out_pkts', 'src_to_dst_avg_throughput', 'dst_to_src_avg_throughput', 'num_pkts_up_to_128_bytes', 'num_pkts_128_to_256_bytes', 'num_pkts_256_to_512_bytes', 'num_pkts_512_to_1024_bytes', 'num_pkts_1024_to_1514_bytes', 'tcp_win_max_in', 'tcp_win_max_out', 'icmp_type', 'icmp_ipv4_type', 'dns_query_id', 'dns_query_type', 'dns_ttl_answer', 'ftp_command_ret_code', 'label', 'total_bytes', 'total_packets', 'bytes_per_packet', 'in_out_bytes_ratio', 'in_out_packets_ratio']
2024-09-01 19:46:55,087 - INFO - Categorical features: ['ipv4_src_addr', 'ipv4_dst_addr', 'attack']
2024-09-01 19:46:55,102 - INFO - Creating preprocessing pipeline...
2024-09-01 19:46:57,759 - ERROR - An error occurred in the main function: A given column is not a column of the dataframe
2024-09-01 19:46:57,906 - ERROR - DataFrame info:
None
2024-09-01 19:56:07,035 - INFO - Data loaded successfully. Shape: (2390275, 45)
2024-09-01 19:56:07,073 - INFO - Original column names: ['IPV4_SRC_ADDR', 'L4_SRC_PORT', 'IPV4_DST_ADDR', 'L4_DST_PORT', 'PROTOCOL', 'L7_PROTO', 'IN_BYTES', 'IN_PKTS', 'OUT_BYTES', 'OUT_PKTS', 'TCP_FLAGS', 'CLIENT_TCP_FLAGS', 'SERVER_TCP_FLAGS', 'FLOW_DURATION_MILLISECONDS', 'DURATION_IN', 'DURATION_OUT', 'MIN_TTL', 'MAX_TTL', 'LONGEST_FLOW_PKT', 'SHORTEST_FLOW_PKT', 'MIN_IP_PKT_LEN', 'MAX_IP_PKT_LEN', 'SRC_TO_DST_SECOND_BYTES', 'DST_TO_SRC_SECOND_BYTES', 'RETRANSMITTED_IN_BYTES', 'RETRANSMITTED_IN_PKTS', 'RETRANSMITTED_OUT_BYTES', 'RETRANSMITTED_OUT_PKTS', 'SRC_TO_DST_AVG_THROUGHPUT', 'DST_TO_SRC_AVG_THROUGHPUT', 'NUM_PKTS_UP_TO_128_BYTES', 'NUM_PKTS_128_TO_256_BYTES', 'NUM_PKTS_256_TO_512_BYTES', 'NUM_PKTS_512_TO_1024_BYTES', 'NUM_PKTS_1024_TO_1514_BYTES', 'TCP_WIN_MAX_IN', 'TCP_WIN_MAX_OUT', 'ICMP_TYPE', 'ICMP_IPV4_TYPE', 'DNS_QUERY_ID', 'DNS_QUERY_TYPE', 'DNS_TTL_ANSWER', 'FTP_COMMAND_RET_CODE', 'Label', 'Attack']
2024-09-01 19:56:07,076 - INFO - Starting feature engineering...
2024-09-01 19:56:07,294 - INFO - Feature engineering completed successfully.
2024-09-01 19:56:17,930 - INFO - Numeric features: ['L4_SRC_PORT', 'L4_DST_PORT', 'PROTOCOL', 'L7_PROTO', 'IN_BYTES', 'IN_PKTS', 'OUT_BYTES', 'OUT_PKTS', 'TCP_FLAGS', 'CLIENT_TCP_FLAGS', 'SERVER_TCP_FLAGS', 'FLOW_DURATION_MILLISECONDS', 'DURATION_IN', 'DURATION_OUT', 'MIN_TTL', 'MAX_TTL', 'LONGEST_FLOW_PKT', 'SHORTEST_FLOW_PKT', 'MIN_IP_PKT_LEN', 'MAX_IP_PKT_LEN', 'SRC_TO_DST_SECOND_BYTES', 'DST_TO_SRC_SECOND_BYTES', 'RETRANSMITTED_IN_BYTES', 'RETRANSMITTED_IN_PKTS', 'RETRANSMITTED_OUT_BYTES', 'RETRANSMITTED_OUT_PKTS', 'SRC_TO_DST_AVG_THROUGHPUT', 'DST_TO_SRC_AVG_THROUGHPUT', 'NUM_PKTS_UP_TO_128_BYTES', 'NUM_PKTS_128_TO_256_BYTES', 'NUM_PKTS_256_TO_512_BYTES', 'NUM_PKTS_512_TO_1024_BYTES', 'NUM_PKTS_1024_TO_1514_BYTES', 'TCP_WIN_MAX_IN', 'TCP_WIN_MAX_OUT', 'ICMP_TYPE', 'ICMP_IPV4_TYPE', 'DNS_QUERY_ID', 'DNS_QUERY_TYPE', 'DNS_TTL_ANSWER', 'FTP_COMMAND_RET_CODE', 'Label', 'TOTAL_BYTES', 'TOTAL_PACKETS', 'BYTES_PER_PACKET', 'IN_OUT_BYTES_RATIO', 'IN_OUT_PACKETS_RATIO']
2024-09-01 19:56:17,944 - INFO - Categorical features: ['IPV4_SRC_ADDR', 'IPV4_DST_ADDR', 'Attack']
2024-09-01 19:56:17,955 - INFO - Creating preprocessing pipeline...
2024-09-01 19:56:17,956 - INFO - Numeric features: ['L4_SRC_PORT', 'L4_DST_PORT', 'PROTOCOL', 'L7_PROTO', 'IN_BYTES', 'IN_PKTS', 'OUT_BYTES', 'OUT_PKTS', 'TCP_FLAGS', 'CLIENT_TCP_FLAGS', 'SERVER_TCP_FLAGS', 'FLOW_DURATION_MILLISECONDS', 'DURATION_IN', 'DURATION_OUT', 'MIN_TTL', 'MAX_TTL', 'LONGEST_FLOW_PKT', 'SHORTEST_FLOW_PKT', 'MIN_IP_PKT_LEN', 'MAX_IP_PKT_LEN', 'SRC_TO_DST_SECOND_BYTES', 'DST_TO_SRC_SECOND_BYTES', 'RETRANSMITTED_IN_BYTES', 'RETRANSMITTED_IN_PKTS', 'RETRANSMITTED_OUT_BYTES', 'RETRANSMITTED_OUT_PKTS', 'SRC_TO_DST_AVG_THROUGHPUT', 'DST_TO_SRC_AVG_THROUGHPUT', 'NUM_PKTS_UP_TO_128_BYTES', 'NUM_PKTS_128_TO_256_BYTES', 'NUM_PKTS_256_TO_512_BYTES', 'NUM_PKTS_512_TO_1024_BYTES', 'NUM_PKTS_1024_TO_1514_BYTES', 'TCP_WIN_MAX_IN', 'TCP_WIN_MAX_OUT', 'ICMP_TYPE', 'ICMP_IPV4_TYPE', 'DNS_QUERY_ID', 'DNS_QUERY_TYPE', 'DNS_TTL_ANSWER', 'FTP_COMMAND_RET_CODE', 'Label', 'TOTAL_BYTES', 'TOTAL_PACKETS', 'BYTES_PER_PACKET', 'IN_OUT_BYTES_RATIO', 'IN_OUT_PACKETS_RATIO']
2024-09-01 19:56:17,956 - INFO - Categorical features: ['IPV4_SRC_ADDR', 'IPV4_DST_ADDR', 'Attack']
2024-09-01 19:56:20,104 - INFO - Shape of X before transformation: (2390275, 49)
2024-09-01 19:56:20,163 - ERROR - An error occurred in the main function: A given column is not a column of the dataframe
2024-09-01 19:56:20,420 - ERROR - DataFrame info:
None
2024-09-01 20:02:38,534 - INFO - Data loaded successfully. Shape: (2390275, 45)
2024-09-01 20:02:38,546 - INFO - Columns in the dataframe: ['IPV4_SRC_ADDR', 'L4_SRC_PORT', 'IPV4_DST_ADDR', 'L4_DST_PORT', 'PROTOCOL', 'L7_PROTO', 'IN_BYTES', 'IN_PKTS', 'OUT_BYTES', 'OUT_PKTS', 'TCP_FLAGS', 'CLIENT_TCP_FLAGS', 'SERVER_TCP_FLAGS', 'FLOW_DURATION_MILLISECONDS', 'DURATION_IN', 'DURATION_OUT', 'MIN_TTL', 'MAX_TTL', 'LONGEST_FLOW_PKT', 'SHORTEST_FLOW_PKT', 'MIN_IP_PKT_LEN', 'MAX_IP_PKT_LEN', 'SRC_TO_DST_SECOND_BYTES', 'DST_TO_SRC_SECOND_BYTES', 'RETRANSMITTED_IN_BYTES', 'RETRANSMITTED_IN_PKTS', 'RETRANSMITTED_OUT_BYTES', 'RETRANSMITTED_OUT_PKTS', 'SRC_TO_DST_AVG_THROUGHPUT', 'DST_TO_SRC_AVG_THROUGHPUT', 'NUM_PKTS_UP_TO_128_BYTES', 'NUM_PKTS_128_TO_256_BYTES', 'NUM_PKTS_256_TO_512_BYTES', 'NUM_PKTS_512_TO_1024_BYTES', 'NUM_PKTS_1024_TO_1514_BYTES', 'TCP_WIN_MAX_IN', 'TCP_WIN_MAX_OUT', 'ICMP_TYPE', 'ICMP_IPV4_TYPE', 'DNS_QUERY_ID', 'DNS_QUERY_TYPE', 'DNS_TTL_ANSWER', 'FTP_COMMAND_RET_CODE', 'Label', 'Attack']
2024-09-01 20:02:38,628 - INFO - First few rows of the dataframe:
  IPV4_SRC_ADDR  L4_SRC_PORT  IPV4_DST_ADDR  L4_DST_PORT  PROTOCOL  L7_PROTO  IN_BYTES  IN_PKTS  OUT_BYTES  OUT_PKTS  TCP_FLAGS  CLIENT_TCP_FLAGS  SERVER_TCP_FLAGS  FLOW_DURATION_MILLISECONDS  DURATION_IN  DURATION_OUT  MIN_TTL  MAX_TTL  LONGEST_FLOW_PKT  SHORTEST_FLOW_PKT  MIN_IP_PKT_LEN  MAX_IP_PKT_LEN  SRC_TO_DST_SECOND_BYTES  DST_TO_SRC_SECOND_BYTES  RETRANSMITTED_IN_BYTES  RETRANSMITTED_IN_PKTS  RETRANSMITTED_OUT_BYTES  RETRANSMITTED_OUT_PKTS  SRC_TO_DST_AVG_THROUGHPUT  DST_TO_SRC_AVG_THROUGHPUT  NUM_PKTS_UP_TO_128_BYTES  NUM_PKTS_128_TO_256_BYTES  NUM_PKTS_256_TO_512_BYTES  NUM_PKTS_512_TO_1024_BYTES  NUM_PKTS_1024_TO_1514_BYTES  TCP_WIN_MAX_IN  TCP_WIN_MAX_OUT  ICMP_TYPE  ICMP_IPV4_TYPE  DNS_QUERY_ID  DNS_QUERY_TYPE  DNS_TTL_ANSWER  FTP_COMMAND_RET_CODE  Label  Attack
0    59.166.0.5         1305  149.171.126.8           21         6       1.0         9        1        193         3         24                24                16                           0            0             0       31       32                89                 52              52              89                    456.0                    435.0                       0                      0                        0                       0                    3648000                    3480000                        15                          0                          0                           0                            0               0             7240          0               0             0               0               0                 331.0      0  Benign
1    59.166.0.5         1305  149.171.126.8           21         6       1.0       261        5        469         7         24                24                24                           0            0             0       31       32                89                 52              52              89                    708.0                    711.0                      74                      1                       89                       1                    4656000                    4584000                        23                          0                          0                           0                            0            8688             8688      18944              74             0               0               0                 230.0      0  Benign
2    59.166.0.5         1305  149.171.126.8           21         6       1.0       481        9        750        11         24                24                24                           0            0             0       31       32                94                 52              52              94                    928.0                    992.0                     132                      2                      172                       2                    5576000                    5696000                        31                          0                          0                           0                            0           10136            10136      33792             132             0               0               0                 229.0      0  Benign
3    59.166.0.5         1305  149.171.126.8           21         6       1.0       701       13       1054        15         24                24                24                           0            0             0       31       32               106                 52              52             106                   1148.0                   1296.0                     190                      3                      266                       3                    6480000                    6864000                        39                          0                          0                           0                            0           11584            11584      48640             190             0               0               0                 125.0      0  Benign
4    59.166.0.5         1305  149.171.126.8           21         6       1.0      1031       19       1474        21         24                24                24                           0            0             0       31       32               106                 52              52             106                   1478.0                   1716.0                     251                      4                      437                       5                    7544000                    8240000                        51                          0                          0                           0                            0           14480            13032      64256             251             0               0               0                 230.0      0  Benign
2024-09-01 20:02:38,628 - INFO - Starting feature engineering...
2024-09-01 20:02:38,760 - INFO - Feature engineering completed successfully.
2024-09-01 20:02:49,706 - INFO - Numeric features: ['L4_SRC_PORT', 'L4_DST_PORT', 'PROTOCOL', 'L7_PROTO', 'IN_BYTES', 'IN_PKTS', 'OUT_BYTES', 'OUT_PKTS', 'TCP_FLAGS', 'CLIENT_TCP_FLAGS', 'SERVER_TCP_FLAGS', 'FLOW_DURATION_MILLISECONDS', 'DURATION_IN', 'DURATION_OUT', 'MIN_TTL', 'MAX_TTL', 'LONGEST_FLOW_PKT', 'SHORTEST_FLOW_PKT', 'MIN_IP_PKT_LEN', 'MAX_IP_PKT_LEN', 'SRC_TO_DST_SECOND_BYTES', 'DST_TO_SRC_SECOND_BYTES', 'RETRANSMITTED_IN_BYTES', 'RETRANSMITTED_IN_PKTS', 'RETRANSMITTED_OUT_BYTES', 'RETRANSMITTED_OUT_PKTS', 'SRC_TO_DST_AVG_THROUGHPUT', 'DST_TO_SRC_AVG_THROUGHPUT', 'NUM_PKTS_UP_TO_128_BYTES', 'NUM_PKTS_128_TO_256_BYTES', 'NUM_PKTS_256_TO_512_BYTES', 'NUM_PKTS_512_TO_1024_BYTES', 'NUM_PKTS_1024_TO_1514_BYTES', 'TCP_WIN_MAX_IN', 'TCP_WIN_MAX_OUT', 'ICMP_TYPE', 'ICMP_IPV4_TYPE', 'DNS_QUERY_ID', 'DNS_QUERY_TYPE', 'DNS_TTL_ANSWER', 'FTP_COMMAND_RET_CODE', 'Label', 'TOTAL_BYTES', 'TOTAL_PACKETS', 'BYTES_PER_PACKET', 'IN_OUT_BYTES_RATIO', 'IN_OUT_PACKETS_RATIO']
2024-09-01 20:02:49,714 - INFO - Categorical features: ['IPV4_SRC_ADDR', 'IPV4_DST_ADDR', 'Attack']
2024-09-01 20:02:49,723 - INFO - Creating preprocessing pipeline...
2024-09-01 20:02:49,724 - INFO - Numeric features: ['L4_SRC_PORT', 'L4_DST_PORT', 'PROTOCOL', 'L7_PROTO', 'IN_BYTES', 'IN_PKTS', 'OUT_BYTES', 'OUT_PKTS', 'TCP_FLAGS', 'CLIENT_TCP_FLAGS', 'SERVER_TCP_FLAGS', 'FLOW_DURATION_MILLISECONDS', 'DURATION_IN', 'DURATION_OUT', 'MIN_TTL', 'MAX_TTL', 'LONGEST_FLOW_PKT', 'SHORTEST_FLOW_PKT', 'MIN_IP_PKT_LEN', 'MAX_IP_PKT_LEN', 'SRC_TO_DST_SECOND_BYTES', 'DST_TO_SRC_SECOND_BYTES', 'RETRANSMITTED_IN_BYTES', 'RETRANSMITTED_IN_PKTS', 'RETRANSMITTED_OUT_BYTES', 'RETRANSMITTED_OUT_PKTS', 'SRC_TO_DST_AVG_THROUGHPUT', 'DST_TO_SRC_AVG_THROUGHPUT', 'NUM_PKTS_UP_TO_128_BYTES', 'NUM_PKTS_128_TO_256_BYTES', 'NUM_PKTS_256_TO_512_BYTES', 'NUM_PKTS_512_TO_1024_BYTES', 'NUM_PKTS_1024_TO_1514_BYTES', 'TCP_WIN_MAX_IN', 'TCP_WIN_MAX_OUT', 'ICMP_TYPE', 'ICMP_IPV4_TYPE', 'DNS_QUERY_ID', 'DNS_QUERY_TYPE', 'DNS_TTL_ANSWER', 'FTP_COMMAND_RET_CODE', 'Label', 'TOTAL_BYTES', 'TOTAL_PACKETS', 'BYTES_PER_PACKET', 'IN_OUT_BYTES_RATIO', 'IN_OUT_PACKETS_RATIO']
2024-09-01 20:02:49,724 - INFO - Categorical features: ['IPV4_SRC_ADDR', 'IPV4_DST_ADDR', 'Attack']
2024-09-01 20:02:52,228 - INFO - Shape of X before transformation: (2390275, 49)
2024-09-01 20:02:52,231 - INFO - Columns in X: ['IPV4_SRC_ADDR', 'L4_SRC_PORT', 'IPV4_DST_ADDR', 'L4_DST_PORT', 'PROTOCOL', 'L7_PROTO', 'IN_BYTES', 'IN_PKTS', 'OUT_BYTES', 'OUT_PKTS', 'TCP_FLAGS', 'CLIENT_TCP_FLAGS', 'SERVER_TCP_FLAGS', 'FLOW_DURATION_MILLISECONDS', 'DURATION_IN', 'DURATION_OUT', 'MIN_TTL', 'MAX_TTL', 'LONGEST_FLOW_PKT', 'SHORTEST_FLOW_PKT', 'MIN_IP_PKT_LEN', 'MAX_IP_PKT_LEN', 'SRC_TO_DST_SECOND_BYTES', 'DST_TO_SRC_SECOND_BYTES', 'RETRANSMITTED_IN_BYTES', 'RETRANSMITTED_IN_PKTS', 'RETRANSMITTED_OUT_BYTES', 'RETRANSMITTED_OUT_PKTS', 'SRC_TO_DST_AVG_THROUGHPUT', 'DST_TO_SRC_AVG_THROUGHPUT', 'NUM_PKTS_UP_TO_128_BYTES', 'NUM_PKTS_128_TO_256_BYTES', 'NUM_PKTS_256_TO_512_BYTES', 'NUM_PKTS_512_TO_1024_BYTES', 'NUM_PKTS_1024_TO_1514_BYTES', 'TCP_WIN_MAX_IN', 'TCP_WIN_MAX_OUT', 'ICMP_TYPE', 'ICMP_IPV4_TYPE', 'DNS_QUERY_ID', 'DNS_QUERY_TYPE', 'DNS_TTL_ANSWER', 'FTP_COMMAND_RET_CODE', 'Attack', 'TOTAL_BYTES', 'TOTAL_PACKETS', 'BYTES_PER_PACKET', 'IN_OUT_BYTES_RATIO', 'IN_OUT_PACKETS_RATIO']
2024-09-01 20:02:52,285 - ERROR - An error occurred in the main function: A given column is not a column of the dataframe
2024-09-01 20:02:52,409 - ERROR - DataFrame info:
None
2024-09-01 20:06:47,597 - INFO - Data loaded successfully. Shape: (2390275, 45)
2024-09-01 20:06:47,617 - INFO - Columns in the dataframe: ['IPV4_SRC_ADDR', 'L4_SRC_PORT', 'IPV4_DST_ADDR', 'L4_DST_PORT', 'PROTOCOL', 'L7_PROTO', 'IN_BYTES', 'IN_PKTS', 'OUT_BYTES', 'OUT_PKTS', 'TCP_FLAGS', 'CLIENT_TCP_FLAGS', 'SERVER_TCP_FLAGS', 'FLOW_DURATION_MILLISECONDS', 'DURATION_IN', 'DURATION_OUT', 'MIN_TTL', 'MAX_TTL', 'LONGEST_FLOW_PKT', 'SHORTEST_FLOW_PKT', 'MIN_IP_PKT_LEN', 'MAX_IP_PKT_LEN', 'SRC_TO_DST_SECOND_BYTES', 'DST_TO_SRC_SECOND_BYTES', 'RETRANSMITTED_IN_BYTES', 'RETRANSMITTED_IN_PKTS', 'RETRANSMITTED_OUT_BYTES', 'RETRANSMITTED_OUT_PKTS', 'SRC_TO_DST_AVG_THROUGHPUT', 'DST_TO_SRC_AVG_THROUGHPUT', 'NUM_PKTS_UP_TO_128_BYTES', 'NUM_PKTS_128_TO_256_BYTES', 'NUM_PKTS_256_TO_512_BYTES', 'NUM_PKTS_512_TO_1024_BYTES', 'NUM_PKTS_1024_TO_1514_BYTES', 'TCP_WIN_MAX_IN', 'TCP_WIN_MAX_OUT', 'ICMP_TYPE', 'ICMP_IPV4_TYPE', 'DNS_QUERY_ID', 'DNS_QUERY_TYPE', 'DNS_TTL_ANSWER', 'FTP_COMMAND_RET_CODE', 'Label', 'Attack']
2024-09-01 20:06:47,730 - INFO - First few rows of the dataframe:
  IPV4_SRC_ADDR  L4_SRC_PORT  IPV4_DST_ADDR  L4_DST_PORT  PROTOCOL  L7_PROTO  IN_BYTES  IN_PKTS  OUT_BYTES  OUT_PKTS  TCP_FLAGS  CLIENT_TCP_FLAGS  SERVER_TCP_FLAGS  FLOW_DURATION_MILLISECONDS  DURATION_IN  DURATION_OUT  MIN_TTL  MAX_TTL  LONGEST_FLOW_PKT  SHORTEST_FLOW_PKT  MIN_IP_PKT_LEN  MAX_IP_PKT_LEN  SRC_TO_DST_SECOND_BYTES  DST_TO_SRC_SECOND_BYTES  RETRANSMITTED_IN_BYTES  RETRANSMITTED_IN_PKTS  RETRANSMITTED_OUT_BYTES  RETRANSMITTED_OUT_PKTS  SRC_TO_DST_AVG_THROUGHPUT  DST_TO_SRC_AVG_THROUGHPUT  NUM_PKTS_UP_TO_128_BYTES  NUM_PKTS_128_TO_256_BYTES  NUM_PKTS_256_TO_512_BYTES  NUM_PKTS_512_TO_1024_BYTES  NUM_PKTS_1024_TO_1514_BYTES  TCP_WIN_MAX_IN  TCP_WIN_MAX_OUT  ICMP_TYPE  ICMP_IPV4_TYPE  DNS_QUERY_ID  DNS_QUERY_TYPE  DNS_TTL_ANSWER  FTP_COMMAND_RET_CODE  Label  Attack
0    59.166.0.5         1305  149.171.126.8           21         6       1.0         9        1        193         3         24                24                16                           0            0             0       31       32                89                 52              52              89                    456.0                    435.0                       0                      0                        0                       0                    3648000                    3480000                        15                          0                          0                           0                            0               0             7240          0               0             0               0               0                 331.0      0  Benign
1    59.166.0.5         1305  149.171.126.8           21         6       1.0       261        5        469         7         24                24                24                           0            0             0       31       32                89                 52              52              89                    708.0                    711.0                      74                      1                       89                       1                    4656000                    4584000                        23                          0                          0                           0                            0            8688             8688      18944              74             0               0               0                 230.0      0  Benign
2    59.166.0.5         1305  149.171.126.8           21         6       1.0       481        9        750        11         24                24                24                           0            0             0       31       32                94                 52              52              94                    928.0                    992.0                     132                      2                      172                       2                    5576000                    5696000                        31                          0                          0                           0                            0           10136            10136      33792             132             0               0               0                 229.0      0  Benign
3    59.166.0.5         1305  149.171.126.8           21         6       1.0       701       13       1054        15         24                24                24                           0            0             0       31       32               106                 52              52             106                   1148.0                   1296.0                     190                      3                      266                       3                    6480000                    6864000                        39                          0                          0                           0                            0           11584            11584      48640             190             0               0               0                 125.0      0  Benign
4    59.166.0.5         1305  149.171.126.8           21         6       1.0      1031       19       1474        21         24                24                24                           0            0             0       31       32               106                 52              52             106                   1478.0                   1716.0                     251                      4                      437                       5                    7544000                    8240000                        51                          0                          0                           0                            0           14480            13032      64256             251             0               0               0                 230.0      0  Benign
2024-09-01 20:06:47,730 - INFO - Starting feature engineering...
2024-09-01 20:06:47,933 - INFO - Feature engineering completed successfully.
2024-09-01 20:06:51,520 - INFO - Numeric features: ['L4_SRC_PORT', 'L4_DST_PORT', 'PROTOCOL', 'L7_PROTO', 'IN_BYTES', 'IN_PKTS', 'OUT_BYTES', 'OUT_PKTS', 'TCP_FLAGS', 'CLIENT_TCP_FLAGS', 'SERVER_TCP_FLAGS', 'FLOW_DURATION_MILLISECONDS', 'DURATION_IN', 'DURATION_OUT', 'MIN_TTL', 'MAX_TTL', 'LONGEST_FLOW_PKT', 'SHORTEST_FLOW_PKT', 'MIN_IP_PKT_LEN', 'MAX_IP_PKT_LEN', 'SRC_TO_DST_SECOND_BYTES', 'DST_TO_SRC_SECOND_BYTES', 'RETRANSMITTED_IN_BYTES', 'RETRANSMITTED_IN_PKTS', 'RETRANSMITTED_OUT_BYTES', 'RETRANSMITTED_OUT_PKTS', 'SRC_TO_DST_AVG_THROUGHPUT', 'DST_TO_SRC_AVG_THROUGHPUT', 'NUM_PKTS_UP_TO_128_BYTES', 'NUM_PKTS_128_TO_256_BYTES', 'NUM_PKTS_256_TO_512_BYTES', 'NUM_PKTS_512_TO_1024_BYTES', 'NUM_PKTS_1024_TO_1514_BYTES', 'TCP_WIN_MAX_IN', 'TCP_WIN_MAX_OUT', 'ICMP_TYPE', 'ICMP_IPV4_TYPE', 'DNS_QUERY_ID', 'DNS_QUERY_TYPE', 'DNS_TTL_ANSWER', 'FTP_COMMAND_RET_CODE', 'TOTAL_BYTES', 'TOTAL_PACKETS', 'BYTES_PER_PACKET', 'IN_OUT_BYTES_RATIO', 'IN_OUT_PACKETS_RATIO']
2024-09-01 20:06:51,538 - INFO - Categorical features: ['IPV4_SRC_ADDR', 'IPV4_DST_ADDR', 'Attack']
2024-09-01 20:06:51,538 - INFO - Creating preprocessing pipeline...
2024-09-01 20:06:51,538 - INFO - Numeric features: ['L4_SRC_PORT', 'L4_DST_PORT', 'PROTOCOL', 'L7_PROTO', 'IN_BYTES', 'IN_PKTS', 'OUT_BYTES', 'OUT_PKTS', 'TCP_FLAGS', 'CLIENT_TCP_FLAGS', 'SERVER_TCP_FLAGS', 'FLOW_DURATION_MILLISECONDS', 'DURATION_IN', 'DURATION_OUT', 'MIN_TTL', 'MAX_TTL', 'LONGEST_FLOW_PKT', 'SHORTEST_FLOW_PKT', 'MIN_IP_PKT_LEN', 'MAX_IP_PKT_LEN', 'SRC_TO_DST_SECOND_BYTES', 'DST_TO_SRC_SECOND_BYTES', 'RETRANSMITTED_IN_BYTES', 'RETRANSMITTED_IN_PKTS', 'RETRANSMITTED_OUT_BYTES', 'RETRANSMITTED_OUT_PKTS', 'SRC_TO_DST_AVG_THROUGHPUT', 'DST_TO_SRC_AVG_THROUGHPUT', 'NUM_PKTS_UP_TO_128_BYTES', 'NUM_PKTS_128_TO_256_BYTES', 'NUM_PKTS_256_TO_512_BYTES', 'NUM_PKTS_512_TO_1024_BYTES', 'NUM_PKTS_1024_TO_1514_BYTES', 'TCP_WIN_MAX_IN', 'TCP_WIN_MAX_OUT', 'ICMP_TYPE', 'ICMP_IPV4_TYPE', 'DNS_QUERY_ID', 'DNS_QUERY_TYPE', 'DNS_TTL_ANSWER', 'FTP_COMMAND_RET_CODE', 'TOTAL_BYTES', 'TOTAL_PACKETS', 'BYTES_PER_PACKET', 'IN_OUT_BYTES_RATIO', 'IN_OUT_PACKETS_RATIO']
2024-09-01 20:06:51,538 - INFO - Categorical features: ['IPV4_SRC_ADDR', 'IPV4_DST_ADDR', 'Attack']
2024-09-01 20:06:52,256 - INFO - Shape of X before transformation: (2390275, 49)
2024-09-01 20:06:52,257 - INFO - Columns in X: ['IPV4_SRC_ADDR', 'L4_SRC_PORT', 'IPV4_DST_ADDR', 'L4_DST_PORT', 'PROTOCOL', 'L7_PROTO', 'IN_BYTES', 'IN_PKTS', 'OUT_BYTES', 'OUT_PKTS', 'TCP_FLAGS', 'CLIENT_TCP_FLAGS', 'SERVER_TCP_FLAGS', 'FLOW_DURATION_MILLISECONDS', 'DURATION_IN', 'DURATION_OUT', 'MIN_TTL', 'MAX_TTL', 'LONGEST_FLOW_PKT', 'SHORTEST_FLOW_PKT', 'MIN_IP_PKT_LEN', 'MAX_IP_PKT_LEN', 'SRC_TO_DST_SECOND_BYTES', 'DST_TO_SRC_SECOND_BYTES', 'RETRANSMITTED_IN_BYTES', 'RETRANSMITTED_IN_PKTS', 'RETRANSMITTED_OUT_BYTES', 'RETRANSMITTED_OUT_PKTS', 'SRC_TO_DST_AVG_THROUGHPUT', 'DST_TO_SRC_AVG_THROUGHPUT', 'NUM_PKTS_UP_TO_128_BYTES', 'NUM_PKTS_128_TO_256_BYTES', 'NUM_PKTS_256_TO_512_BYTES', 'NUM_PKTS_512_TO_1024_BYTES', 'NUM_PKTS_1024_TO_1514_BYTES', 'TCP_WIN_MAX_IN', 'TCP_WIN_MAX_OUT', 'ICMP_TYPE', 'ICMP_IPV4_TYPE', 'DNS_QUERY_ID', 'DNS_QUERY_TYPE', 'DNS_TTL_ANSWER', 'FTP_COMMAND_RET_CODE', 'Attack', 'TOTAL_BYTES', 'TOTAL_PACKETS', 'BYTES_PER_PACKET', 'IN_OUT_BYTES_RATIO', 'IN_OUT_PACKETS_RATIO']
2024-09-01 20:07:48,364 - INFO - Shape of X after transformation: (2390275, 136)
2024-09-01 20:18:50,292 - INFO - Transformed data saved to NF-UNSW-NB15-v2_preprocessed.csv
